<?xml version="1.0" encoding="UTF-8"?>
<!-- Generated by org.testng.reporters.JUnitReportReporter -->
<testsuite hostname="LMP2NXTHTTFF63" failures="0" tests="1" name="tests.ViewPages.ViewPage" time="57.441" errors="0" timestamp="2022-11-15T15:56:19 IST" skipped="0">
  <testcase classname="tests.ViewPages.ViewPage" name="ViewRequestDisplay" time="57.441"/>
  <system-out/>
</testsuite> <!-- tests.ViewPages.ViewPage -->
