<?xml version="1.0" encoding="UTF-8"?>
<!-- Generated by org.testng.reporters.JUnitReportReporter -->
<testsuite hostname="LMP2NXTHTTFF63" failures="0" tests="2" name="tests.login.LoginPage" time="64.509" errors="0" timestamp="2022-11-11T13:18:26 IST" skipped="0">
  <testcase classname="tests.login.LoginPage" name="validateLogin" time="31.523"/>
  <system-out/>
  <testcase classname="tests.login.LoginPage" name="validateLogin" time="32.986"/>
  <system-out/>
</testsuite> <!-- tests.login.LoginPage -->
