<?xml version="1.0" encoding="UTF-8"?>
<!-- Generated by org.testng.reporters.JUnitReportReporter -->
<testsuite hostname="LMP2NXTHTTFF63" failures="0" tests="1" name="tests.functionalApprover_RequestApprovals.Functional_Approver_Request_ApprovalPage" time="134.277" errors="0" timestamp="2022-11-17T14:50:48 IST" skipped="0">
  <testcase classname="tests.functionalApprover_RequestApprovals.Functional_Approver_Request_ApprovalPage" name="functionalapproval" time="134.277"/>
  <system-out/>
</testsuite> <!-- tests.functionalApprover_RequestApprovals.Functional_Approver_Request_ApprovalPage -->
