<?xml version="1.0" encoding="UTF-8"?>
<!-- Generated by org.testng.reporters.JUnitReportReporter -->
<testsuite hostname="LMP2NXTHTTFF63" failures="0" tests="1" name="tests.ITRequests.ITRequestPage" time="104.988" errors="0" timestamp="2022-11-16T15:41:49 IST" skipped="0">
  <testcase classname="tests.ITRequests.ITRequestPage" name="ITRequestcreation" time="104.988"/>
  <system-out/>
</testsuite> <!-- tests.ITRequests.ITRequestPage -->
