<?xml version="1.0" encoding="UTF-8"?>
<!-- Generated by org.testng.reporters.JUnitReportReporter -->
<testsuite hostname="LMP2NXTHTTFF63" failures="0" tests="1" name="tests.financeApprover_RequestApprovals.Finance_Approver_Request_ApprovalPage" time="79.645" errors="0" timestamp="2022-11-17T18:03:48 IST" skipped="0">
  <testcase classname="tests.financeApprover_RequestApprovals.Finance_Approver_Request_ApprovalPage" name="financeapproval" time="79.645"/>
  <system-out/>
</testsuite> <!-- tests.financeApprover_RequestApprovals.Finance_Approver_Request_ApprovalPage -->
