<?xml version="1.0" encoding="UTF-8"?>
<!-- Generated by org.testng.reporters.JUnitReportReporter -->
<testsuite hostname="LMP2NXTHTTFF63" failures="0" tests="1" name="tests.functional_PO_Approvals.Functional_PO_ApprovalPage" time="93.827" errors="0" timestamp="2022-11-17T18:09:30 IST" skipped="0">
  <testcase classname="tests.functional_PO_Approvals.Functional_PO_ApprovalPage" name="functionalPOapproval" time="93.827"/>
  <system-out/>
</testsuite> <!-- tests.functional_PO_Approvals.Functional_PO_ApprovalPage -->
