<?xml version="1.0" encoding="UTF-8"?>
<!-- Generated by org.testng.reporters.JUnitReportReporter -->
<testsuite hostname="LMP2NXTHTTFF63" failures="0" tests="1" name="tests.ViewPages.ViewPage" time="62.236" errors="0" timestamp="2022-12-02T14:14:53 IST" skipped="0">
  <testcase classname="tests.ViewPages.ViewPage" name="ViewRequestDisplay" time="62.236"/>
  <system-out/>
</testsuite> <!-- tests.ViewPages.ViewPage -->
