<?xml version="1.0" encoding="UTF-8"?>
<!-- Generated by org.testng.reporters.JUnitReportReporter -->
<testsuite hostname="LMP2NXTHTTFF63" failures="0" tests="1" name="tests.functional_Approver_View_Request.Functional_Approver_View_RequestPage" time="57.269" errors="0" timestamp="2022-12-01T17:37:58 IST" skipped="0">
  <testcase classname="tests.functional_Approver_View_Request.Functional_Approver_View_RequestPage" name="ViewRequestDisplay" time="57.269"/>
  <system-out/>
</testsuite> <!-- tests.functional_Approver_View_Request.Functional_Approver_View_RequestPage -->
