<?xml version="1.0" encoding="UTF-8"?>
<!-- Generated by org.testng.reporters.JUnitReportReporter -->
<testsuite hostname="LMP2NXTHTTFF63" failures="0" tests="1" name="adminConfigurationTests.department.EditDepartmentPage" time="64.643" errors="0" timestamp="2022-12-08T14:20:28 IST" skipped="0">
  <testcase classname="adminConfigurationTests.department.EditDepartmentPage" name="ViewRequestDisplay" time="64.643"/>
  <system-out/>
</testsuite> <!-- adminConfigurationTests.department.EditDepartmentPage -->
