<?xml version="1.0" encoding="UTF-8"?>
<!-- Generated by org.testng.reporters.JUnitReportReporter -->
<testsuite hostname="LMP2NXTHTTFF63" failures="0" tests="1" name="tests.finance_Approver_RequestRaised.Finance_Approver_RequestRaised_Page" time="95.438" errors="0" timestamp="2022-12-02T14:22:30 IST" skipped="0">
  <testcase classname="tests.finance_Approver_RequestRaised.Finance_Approver_RequestRaised_Page" name="ITRequestcreation" time="95.438"/>
  <system-out/>
</testsuite> <!-- tests.finance_Approver_RequestRaised.Finance_Approver_RequestRaised_Page -->
