<?xml version="1.0" encoding="UTF-8"?>
<!-- Generated by org.testng.reporters.JUnitReportReporter -->
<testsuite hostname="LMP2NXTHTTFF63" failures="0" tests="1" name="tests.ITRequests.ITRequestPage" time="129.730" errors="0" timestamp="2022-12-08T14:44:21 IST" skipped="0">
  <testcase classname="tests.ITRequests.ITRequestPage" name="ITRequestcreation" time="129.730"/>
  <system-out/>
</testsuite> <!-- tests.ITRequests.ITRequestPage -->
