<?xml version="1.0" encoding="UTF-8"?>
<!-- Generated by org.testng.reporters.JUnitReportReporter -->
<testsuite hostname="LMP2NXTHTTFF63" failures="0" tests="1" name="tests.financeApprover_RequestApprovals.Finance_Approver_Request_ApprovalPage" time="62.176" errors="0" timestamp="2022-12-02T14:22:30 IST" skipped="0">
  <testcase classname="tests.financeApprover_RequestApprovals.Finance_Approver_Request_ApprovalPage" name="financeapproval" time="62.176"/>
  <system-out/>
</testsuite> <!-- tests.financeApprover_RequestApprovals.Finance_Approver_Request_ApprovalPage -->
