<?xml version="1.0" encoding="UTF-8"?>
<!-- Generated by org.testng.reporters.JUnitReportReporter -->
<testsuite hostname="LMP2NXTHTTFF63" failures="0" tests="1" name="tests.ITRequestor_ModifyRequests.ITRequestor_Modify_RequestPage" time="63.619" errors="0" timestamp="2022-11-25T10:07:00 IST" skipped="0">
  <testcase classname="tests.ITRequestor_ModifyRequests.ITRequestor_Modify_RequestPage" name="ITRequestcreation" time="63.619"/>
  <system-out/>
</testsuite> <!-- tests.ITRequestor_ModifyRequests.ITRequestor_Modify_RequestPage -->
