<?xml version="1.0" encoding="UTF-8"?>
<!-- Generated by org.testng.reporters.JUnitReportReporter -->
<testsuite hostname="LMP2NXTHTTFF63" failures="0" tests="1" name="tests.finance_Approver_Queried_Request_Approve.Finance_Approver_Queried_Request_ApprovePage" time="90.581" errors="0" timestamp="2022-12-02T13:56:24 IST" skipped="0">
  <testcase classname="tests.finance_Approver_Queried_Request_Approve.Finance_Approver_Queried_Request_ApprovePage" name="financeapproval" time="90.581"/>
  <system-out/>
</testsuite> <!-- tests.finance_Approver_Queried_Request_Approve.Finance_Approver_Queried_Request_ApprovePage -->
