<?xml version="1.0" encoding="UTF-8"?>
<!-- Generated by org.testng.reporters.JUnitReportReporter -->
<testsuite hostname="LMP2NXTHTTFF63" failures="0" tests="1" name="tests.admin_New_Request.Admin_New_Request_Page" time="92.645" errors="0" timestamp="2022-11-30T14:41:57 IST" skipped="0">
  <testcase classname="tests.admin_New_Request.Admin_New_Request_Page" name="ITRequestcreation" time="92.645"/>
  <system-out/>
</testsuite> <!-- tests.admin_New_Request.Admin_New_Request_Page -->
