<?xml version="1.0" encoding="UTF-8"?>
<!-- Generated by org.testng.reporters.JUnitReportReporter -->
<testsuite hostname="LMP2NXTHTTFF63" failures="0" tests="1" name="adminConfigurationTests.location.EditLocationPage" time="83.970" errors="0" timestamp="2022-12-12T14:21:39 IST" skipped="0">
  <testcase classname="adminConfigurationTests.location.EditLocationPage" name="editlocation" time="83.970"/>
  <system-out/>
</testsuite> <!-- adminConfigurationTests.location.EditLocationPage -->
