<?xml version="1.0" encoding="UTF-8"?>
<!-- Generated by org.testng.reporters.JUnitReportReporter -->
<testsuite hostname="LMP2NXTHTTFF63" failures="0" tests="1" name="adminConfigurationTests.roles.EditRolesPage" time="45.621" errors="0" timestamp="2022-12-06T15:48:30 IST" skipped="0">
  <testcase classname="adminConfigurationTests.roles.EditRolesPage" name="ViewRequestDisplay" time="45.621"/>
  <system-out/>
</testsuite> <!-- adminConfigurationTests.roles.EditRolesPage -->
