<?xml version="1.0" encoding="UTF-8"?>
<!-- Generated by org.testng.reporters.JUnitReportReporter -->
<testsuite hostname="LMP2NXTHTTFF63" failures="0" tests="1" name="tests.functional_PO_Approvals.Functional_PO_ApprovalPage" time="123.146" errors="0" timestamp="2022-12-09T12:47:39 IST" skipped="0">
  <testcase classname="tests.functional_PO_Approvals.Functional_PO_ApprovalPage" name="FunctionalPOApproval" time="123.146"/>
  <system-out/>
</testsuite> <!-- tests.functional_PO_Approvals.Functional_PO_ApprovalPage -->
