<?xml version="1.0" encoding="UTF-8"?>
<!-- Generated by org.testng.reporters.JUnitReportReporter -->
<testsuite hostname="LMP2NXTHTTFF63" failures="0" tests="1" name="tests.functional_Approver_Request_Queried.Functional_Approver_Request_QueriedPage" time="104.740" errors="0" timestamp="2022-12-02T13:44:14 IST" skipped="0">
  <testcase classname="tests.functional_Approver_Request_Queried.Functional_Approver_Request_QueriedPage" name="functionalapproval" time="104.740"/>
  <system-out/>
</testsuite> <!-- tests.functional_Approver_Request_Queried.Functional_Approver_Request_QueriedPage -->
