<?xml version="1.0" encoding="UTF-8"?>
<!-- Generated by org.testng.reporters.JUnitReportReporter -->
<testsuite hostname="LMP2NXTHTTFF63" failures="0" tests="1" name="tests.finance_Approver_View_Requests.Finance_Approver_View_RequestPage" time="64.458" errors="0" timestamp="2022-12-02T14:22:30 IST" skipped="0">
  <testcase classname="tests.finance_Approver_View_Requests.Finance_Approver_View_RequestPage" name="ViewRequestDisplay" time="64.458"/>
  <system-out/>
</testsuite> <!-- tests.finance_Approver_View_Requests.Finance_Approver_View_RequestPage -->
