<?xml version="1.0" encoding="UTF-8"?>
<!-- Generated by org.testng.reporters.JUnitReportReporter -->
<testsuite hostname="LMP2NXTHTTFF63" failures="0" tests="1" name="adminConfigurationTests.userManagement.EditUserPage" time="133.551" errors="0" timestamp="2022-12-15T16:38:45 IST" skipped="0">
  <testcase classname="adminConfigurationTests.userManagement.EditUserPage" name="editUser" time="133.551"/>
  <system-out/>
</testsuite> <!-- adminConfigurationTests.userManagement.EditUserPage -->
