<?xml version="1.0" encoding="UTF-8"?>
<!-- Generated by org.testng.reporters.JUnitReportReporter -->
<testsuite hostname="LMP2NXTHTTFF63" failures="0" tests="1" name="adminConfigurationTests.location.AddLocationPage" time="78.050" errors="0" timestamp="2022-12-12T13:52:58 IST" skipped="0">
  <testcase classname="adminConfigurationTests.location.AddLocationPage" name="addlocation" time="78.050"/>
  <system-out/>
</testsuite> <!-- adminConfigurationTests.location.AddLocationPage -->
