<?xml version="1.0" encoding="UTF-8"?>
<!-- Generated by org.testng.reporters.JUnitReportReporter -->
<testsuite hostname="LMP2NXTHTTFF63" failures="0" tests="1" name="adminConfigurationTests.items.AddItemPage" time="77.417" errors="0" timestamp="2022-12-12T15:19:42 IST" skipped="0">
  <testcase classname="adminConfigurationTests.items.AddItemPage" name="addItem" time="77.417"/>
  <system-out/>
</testsuite> <!-- adminConfigurationTests.items.AddItemPage -->
