<?xml version="1.0" encoding="UTF-8"?>
<!-- Generated by org.testng.reporters.JUnitReportReporter -->
<testsuite hostname="LMP2NXTHTTFF63" failures="0" tests="1" name="tests.finance_Approver_Queried_Request.Finance_Approver_Queried_RequestPage" time="55.157" errors="0" timestamp="2022-12-02T13:56:24 IST" skipped="0">
  <testcase classname="tests.finance_Approver_Queried_Request.Finance_Approver_Queried_RequestPage" name="financeapproval" time="55.157"/>
  <system-out/>
</testsuite> <!-- tests.finance_Approver_Queried_Request.Finance_Approver_Queried_RequestPage -->
