<?xml version="1.0" encoding="UTF-8"?>
<!-- Generated by org.testng.reporters.JUnitReportReporter -->
<testsuite hostname="LMP2NXTHTTFF63" failures="0" tests="1" name="tests.functional_Approver_RequestRejection.Functional_Approver_RequestRejectionPage" time="173.138" errors="0" timestamp="2022-12-08T14:44:21 IST" skipped="0">
  <testcase classname="tests.functional_Approver_RequestRejection.Functional_Approver_RequestRejectionPage" name="functionalRejection" time="173.138"/>
  <system-out/>
</testsuite> <!-- tests.functional_Approver_RequestRejection.Functional_Approver_RequestRejectionPage -->
