<?xml version="1.0" encoding="UTF-8"?>
<!-- Generated by org.testng.reporters.JUnitReportReporter -->
<testsuite hostname="LMP2NXTHTTFF63" failures="0" tests="1" name="adminConfigurationTests.department.DepartmentPage" time="53.062" errors="0" timestamp="2022-12-05T14:06:49 IST" skipped="0">
  <testcase classname="adminConfigurationTests.department.DepartmentPage" name="ViewRequestDisplay" time="53.062"/>
  <system-out/>
</testsuite> <!-- adminConfigurationTests.department.DepartmentPage -->
