<?xml version="1.0" encoding="UTF-8"?>
<!-- Generated by org.testng.reporters.JUnitReportReporter -->
<testsuite hostname="LMP2NXTHTTFF63" failures="0" tests="1" name="tests.admin_View_Request.Admin_View_Request_Page" time="77.212" errors="0" timestamp="2022-11-30T16:29:18 IST" skipped="0">
  <testcase classname="tests.admin_View_Request.Admin_View_Request_Page" name="ViewRequestDisplay" time="77.212"/>
  <system-out/>
</testsuite> <!-- tests.admin_View_Request.Admin_View_Request_Page -->
