<?xml version="1.0" encoding="UTF-8"?>
<!-- Generated by org.testng.reporters.JUnitReportReporter -->
<testsuite hostname="LMP2NXTHTTFF63" failures="0" tests="1" name="tests.login.LoginPage" time="67.402" errors="0" timestamp="2022-12-02T16:45:28 IST" skipped="0">
  <testcase classname="tests.login.LoginPage" name="validateLogin" time="67.402"/>
  <system-out/>
</testsuite> <!-- tests.login.LoginPage -->
