<?xml version="1.0" encoding="UTF-8"?>
<!-- Generated by org.testng.reporters.JUnitReportReporter -->
<testsuite hostname="LMP2NXTHTTFF63" failures="0" tests="1" name="tests.finance_Approver_ModifyRequest.Finance_Approver_ModifyRequestPage" time="75.736" errors="0" timestamp="2022-12-02T13:44:14 IST" skipped="0">
  <testcase classname="tests.finance_Approver_ModifyRequest.Finance_Approver_ModifyRequestPage" name="ITRequestcreation" time="75.736"/>
  <system-out/>
</testsuite> <!-- tests.finance_Approver_ModifyRequest.Finance_Approver_ModifyRequestPage -->
