<?xml version="1.0" encoding="UTF-8"?>
<!-- Generated by org.testng.reporters.JUnitReportReporter -->
<testsuite hostname="LMP2NXTHTTFF63" failures="0" tests="1" name="tests.login.LoginPage" time="26.176" errors="0" timestamp="2022-12-13T18:33:24 IST" skipped="0">
  <testcase classname="tests.login.LoginPage" name="validateLogin" time="26.176"/>
  <system-out/>
</testsuite> <!-- tests.login.LoginPage -->
