<?xml version="1.0" encoding="UTF-8"?>
<!-- Generated by org.testng.reporters.JUnitReportReporter -->
<testsuite hostname="LMP2NXTHTTFF63" failures="0" tests="1" name="tests.functional_Approver_ModifyReq_WhenQueriedby_FinanceApprover.Functional_Approver_ModifyRequest_WhenQueriedBy_FinanceApproverPage" time="60.117" errors="0" timestamp="2022-12-02T13:56:24 IST" skipped="0">
  <testcase classname="tests.functional_Approver_ModifyReq_WhenQueriedby_FinanceApprover.Functional_Approver_ModifyRequest_WhenQueriedBy_FinanceApproverPage" name="ITRequestcreation" time="60.117"/>
  <system-out/>
</testsuite> <!-- tests.functional_Approver_ModifyReq_WhenQueriedby_FinanceApprover.Functional_Approver_ModifyRequest_WhenQueriedBy_FinanceApproverPage -->
