<?xml version="1.0" encoding="UTF-8"?>
<!-- Generated by org.testng.reporters.JUnitReportReporter -->
<testsuite hostname="LMP2NXTHTTFF63" failures="0" tests="1" name="adminConfigurationTests.vendor.EditVendorPage" time="109.155" errors="0" timestamp="2022-12-16T17:35:37 IST" skipped="0">
  <testcase classname="adminConfigurationTests.vendor.EditVendorPage" name="editVendor" time="109.155"/>
  <system-out/>
</testsuite> <!-- adminConfigurationTests.vendor.EditVendorPage -->
