<?xml version="1.0" encoding="UTF-8"?>
<!-- Generated by org.testng.reporters.JUnitReportReporter -->
<testsuite hostname="LMP2NXTHTTFF63" failures="0" tests="1" name="adminConfigurationTests.department.DepartmentPage" time="26.082" errors="0" timestamp="2022-12-02T18:18:51 IST" skipped="0">
  <testcase classname="adminConfigurationTests.department.DepartmentPage" name="ViewRequestDisplay" time="26.082"/>
  <system-out/>
</testsuite> <!-- adminConfigurationTests.department.DepartmentPage -->
