<?xml version="1.0" encoding="UTF-8"?>
<!-- Generated by org.testng.reporters.JUnitReportReporter -->
<testsuite hostname="LMP2NXTHTTFF63" failures="0" tests="1" name="tests.finance_Approver_RequestReject.Finance_Approver_RequestRejectionPage" time="62.497" errors="0" timestamp="2022-12-02T14:14:53 IST" skipped="0">
  <testcase classname="tests.finance_Approver_RequestReject.Finance_Approver_RequestRejectionPage" name="financeRequestRejection" time="62.497"/>
  <system-out/>
</testsuite> <!-- tests.finance_Approver_RequestReject.Finance_Approver_RequestRejectionPage -->
