<?xml version="1.0" encoding="UTF-8"?>
<!-- Generated by org.testng.reporters.JUnitReportReporter -->
<testsuite hostname="LMP2NXTHTTFF63" failures="0" tests="1" name="adminConfigurationTests.vendor.DeleteVendorPage" time="58.845" errors="0" timestamp="2022-12-16T17:35:37 IST" skipped="0">
  <testcase classname="adminConfigurationTests.vendor.DeleteVendorPage" name="deleteVendor" time="58.845"/>
  <system-out/>
</testsuite> <!-- adminConfigurationTests.vendor.DeleteVendorPage -->
